Start testing: Mar 05 16:57 MSK
----------------------------------------------------------
Unable to find executable: /mnt/c/Users/abdyk/Desktop/MAI_OOP_LABS/lr1/build/my_tests
1/1 Testing: MyTests
1/1 Test: MyTests
Command: ""
Directory: /mnt/c/Users/abdyk/Desktop/MAI_OOP_LABS/lr1/build
"MyTests" start time: 
Output:
----------------------------------------------------------
<end of output>
Test time =   0.00 sec
----------------------------------------------------------
Test Passed.
"MyTests" end time: Mar 05 16:57 MSK
"MyTests" time elapsed: 00:00:00
----------------------------------------------------------

End testing: Mar 05 16:57 MSK
